<?xml version="1.0" encoding="UTF-8"?>
<testng-results ignored="0" total="1" passed="1" failed="0" skipped="0">
  <reporter-output>
  </reporter-output>
  <suite started-at="2023-10-12T00:20:38 GST" name="Default suite" finished-at="2023-10-12T00:20:55 GST" duration-ms="16834">
    <groups>
    </groups>
    <test started-at="2023-10-12T00:20:38 GST" name="Default test" finished-at="2023-10-12T00:20:55 GST" duration-ms="16834">
      <class name="scripts.TestCase_2">
        <test-method is-config="true" signature="openApp()[pri:0, instance:scripts.TestCase_2@4a883b15]" started-at="2023-10-12T00:20:38 GST" name="openApp" finished-at="2023-10-12T00:20:46 GST" duration-ms="7718" status="PASS">
          <reporter-output>
          </reporter-output>
        </test-method> <!-- openApp -->
        <test-method signature="tc2()[pri:0, instance:scripts.TestCase_2@4a883b15]" started-at="2023-10-12T00:20:46 GST" name="tc2" finished-at="2023-10-12T00:20:54 GST" duration-ms="8212" status="PASS">
          <reporter-output>
          </reporter-output>
        </test-method> <!-- tc2 -->
        <test-method is-config="true" signature="closeApp(org.testng.ITestResult)[pri:0, instance:scripts.TestCase_2@4a883b15]" started-at="2023-10-12T00:20:54 GST" name="closeApp" finished-at="2023-10-12T00:20:55 GST" duration-ms="756" status="PASS">
          <params>
            <param index="0">
              <value>
                <![CDATA[[TestResult name=tc2 status=SUCCESS method=TestCase_2.tc2()[pri:0, instance:scripts.TestCase_2@4a883b15] output={null}]]]>
              </value>
            </param>
          </params>
          <reporter-output>
          </reporter-output>
        </test-method> <!-- closeApp -->
      </class> <!-- scripts.TestCase_2 -->
    </test> <!-- Default test -->
  </suite> <!-- Default suite -->
</testng-results>
