<?xml version="1.0" encoding="UTF-8"?>
<testng-results ignored="0" total="3" passed="3" failed="0" skipped="0">
  <reporter-output>
  </reporter-output>
  <suite started-at="2023-10-07T17:31:31 GST" name="Suite" finished-at="2023-10-07T17:31:58 GST" duration-ms="26882">
    <groups>
    </groups>
    <test started-at="2023-10-07T17:31:31 GST" name="Test" finished-at="2023-10-07T17:31:58 GST" duration-ms="26882">
      <class name="TestNg_Failing.Snapdeal">
        <test-method signature="snap()[pri:0, instance:TestNg_Failing.Snapdeal@59505b48]" started-at="2023-10-07T17:31:40 GST" name="snap" finished-at="2023-10-07T17:31:49 GST" duration-ms="9197" status="PASS">
          <reporter-output>
          </reporter-output>
        </test-method> <!-- snap -->
      </class> <!-- TestNg_Failing.Snapdeal -->
      <class name="TestNg_Failing.Amazon">
        <test-method signature="amz()[pri:0, instance:TestNg_Failing.Amazon@27462a88]" started-at="2023-10-07T17:31:31 GST" name="amz" finished-at="2023-10-07T17:31:40 GST" duration-ms="8588" status="PASS">
          <reporter-output>
          </reporter-output>
        </test-method> <!-- amz -->
      </class> <!-- TestNg_Failing.Amazon -->
      <class name="TestNg_Failing.Facebook">
        <test-method signature="fb()[pri:0, instance:TestNg_Failing.Facebook@4efac082]" started-at="2023-10-07T17:31:49 GST" name="fb" finished-at="2023-10-07T17:31:58 GST" duration-ms="8973" status="PASS">
          <reporter-output>
          </reporter-output>
        </test-method> <!-- fb -->
      </class> <!-- TestNg_Failing.Facebook -->
    </test> <!-- Test -->
  </suite> <!-- Suite -->
</testng-results>
